Generated Block Diagram.
Rasterizing xps_timer_0.jpg.....
Rasterizing xps_intc_0.jpg.....
Rasterizing proc_sys_reset_0.jpg.....
Rasterizing microblaze_0.jpg.....
Rasterizing mdm_0.jpg.....
Rasterizing mb_plb.jpg.....
Rasterizing lmb_bram_1.jpg.....
Rasterizing lmb_bram_0.jpg.....
Rasterizing ilmb_cntlr_1.jpg.....
Rasterizing ilmb_cntlr_0.jpg.....
Rasterizing ilmb.jpg.....
Rasterizing dlmb_cntlr_1.jpg.....
Rasterizing dlmb_cntlr_0.jpg.....
Rasterizing dlmb.jpg.....
Rasterizing clock_generator_0.jpg.....
Rasterizing RS232_Uart_0.jpg.....
Rasterizing LEDs_8Bit.jpg.....
Rasterizing DIP_Switches_8Bit.jpg.....
Rasterizing system_blkd.jpg.....
Report generated.
Report generation completed.
