Release 13.2 Xflow O.61xd (nt64)
Copyright (c) 1995-2011 Xilinx, Inc.  All rights reserved.
xflow.exe -wd implementation -p xc5vlx50tff1136-1 -implement xflow.opt
system.ngc  
PMSPEC -- Overriding Xilinx file
<C:/Xilinx/13.2/ISE_DS/EDK/virtex5/data/virtex5.acd> with local file
<C:/Xilinx/13.2/ISE_DS/ISE/virtex5/data/virtex5.acd>
.... Copying flowfile C:/Xilinx/13.2/ISE_DS/ISE/xilinx/data/fpga.flw into
working directory Z:/code_depart/ucII-platform/implementation 

Using Flow File: Z:/code_depart/ucII-platform/implementation/fpga.flw 
Using Option File(s): 
 Z:/code_depart/ucII-platform/implementation/xflow.opt 

Creating Script File ... 

#----------------------------------------------#
# Starting program ngdbuild
# ngdbuild -p xc5vlx50tff1136-1 -nt timestamp -bm system.bmm
"Z:/code_depart/ucII-platform/implementation/system.ngc" -uc system.ucf
system.ngd 
#----------------------------------------------#
Release 13.2 - ngdbuild O.61xd (nt64)
Copyright (c) 1995-2011 Xilinx, Inc.  All rights reserved.
PMSPEC -- Overriding Xilinx file
<C:/Xilinx/13.2/ISE_DS/EDK/virtex5/data/virtex5.acd> with local file
<C:/Xilinx/13.2/ISE_DS/ISE/virtex5/data/virtex5.acd>

Command Line: C:\Xilinx\13.2\ISE_DS\ISE\bin\nt64\unwrapped\ngdbuild.exe -p
xc5vlx50tff1136-1 -nt timestamp -bm system.bmm
Z:/code_depart/ucII-platform/implementation/system.ngc -uc system.ucf system.ngd

Reading NGO file "Z:/code_depart/ucII-platform/implementation/system.ngc" ...
Loading design module
"Z:/code_depart/ucII-platform/implementation/xps_timer_0_wrapper.ngc"...
Loading design module
"Z:/code_depart/ucII-platform/implementation/xps_intc_0_wrapper.ngc"...
Loading design module
"Z:/code_depart/ucII-platform/implementation/proc_sys_reset_0_wrapper.ngc"...
Loading design module
"Z:/code_depart/ucII-platform/implementation/microblaze_0_wrapper.ngc"...
Loading design module
"Z:/code_depart/ucII-platform/implementation/mdm_0_wrapper.ngc"...
Loading design module
"Z:/code_depart/ucII-platform/implementation/mb_plb_wrapper.ngc"...
Loading design module
"Z:/code_depart/ucII-platform/implementation/lmb_bram_1_wrapper.ngc"...
Loading design module
"Z:/code_depart/ucII-platform/implementation/lmb_bram_0_wrapper.ngc"...
Loading design module
"Z:/code_depart/ucII-platform/implementation/ilmb_cntlr_1_wrapper.ngc"...
Loading design module
"Z:/code_depart/ucII-platform/implementation/ilmb_cntlr_0_wrapper.ngc"...
Loading design module
"Z:/code_depart/ucII-platform/implementation/ilmb_wrapper.ngc"...
Loading design module
"Z:/code_depart/ucII-platform/implementation/dlmb_cntlr_1_wrapper.ngc"...
Loading design module
"Z:/code_depart/ucII-platform/implementation/dlmb_cntlr_0_wrapper.ngc"...
Loading design module
"Z:/code_depart/ucII-platform/implementation/dlmb_wrapper.ngc"...
Loading design module
"Z:/code_depart/ucII-platform/implementation/clock_generator_0_wrapper.ngc"...
Loading design module
"Z:/code_depart/ucII-platform/implementation/rs232_uart_0_wrapper.ngc"...
Loading design module
"Z:/code_depart/ucII-platform/implementation/leds_8bit_wrapper.ngc"...
Loading design module
"Z:/code_depart/ucII-platform/implementation/dip_switches_8bit_wrapper.ngc"...
Loading design module
"Z:/code_depart/ucII-platform/implementation/fit_timer_0_wrapper.ngc"...
Loading design module
"Z:/code_depart/ucII-platform/implementation/fit_timer_1_wrapper.ngc"...
Gathering constraint information from source properties...
Done.

Annotating constraints to design from ucf file "system.ucf" ...
Resolving constraint associations...
Checking Constraint Associations...
INFO:ConstraintSystem:178 - TNM 'sys_clk_pin', used in period specification
   'TS_sys_clk_pin', was traced into PLL_ADV instance
   clock_generator_0/PLL0_INST/Using_PLL_ADV.PLL_ADV_inst. The following new TNM
   groups and period specifications were generated at the PLL_ADV output(s): 
   CLKOUT0: <TIMESPEC TS_clock_generator_0_clock_generator_0_SIG_PLL0_CLKOUT0 =
   PERIOD "clock_generator_0_clock_generator_0_SIG_PLL0_CLKOUT0" TS_sys_clk_pin
   HIGH 50%>

Done...

Processing BMM file "system.bmm" ...

Checking expanded design ...
WARNING:NgdBuild:443 - SFF primitive
   'xps_timer_0/xps_timer_0/TC_CORE_I/TIMER_CONTROL_I/TCSR0_GENERATE[0].TCSR0_FF
   _I' has unconnected output pin
WARNING:NgdBuild:443 - SFF primitive
   'xps_timer_0/xps_timer_0/TC_CORE_I/TIMER_CONTROL_I/TCSR0_GENERATE[1].TCSR0_FF
   _I' has unconnected output pin
WARNING:NgdBuild:443 - SFF primitive
   'xps_timer_0/xps_timer_0/TC_CORE_I/TIMER_CONTROL_I/TCSR0_GENERATE[2].TCSR0_FF
   _I' has unconnected output pin
WARNING:NgdBuild:443 - SFF primitive
   'xps_timer_0/xps_timer_0/TC_CORE_I/TIMER_CONTROL_I/TCSR0_GENERATE[3].TCSR0_FF
   _I' has unconnected output pin
WARNING:NgdBuild:443 - SFF primitive
   'xps_timer_0/xps_timer_0/TC_CORE_I/TIMER_CONTROL_I/TCSR0_GENERATE[4].TCSR0_FF
   _I' has unconnected output pin
WARNING:NgdBuild:443 - SFF primitive
   'xps_timer_0/xps_timer_0/TC_CORE_I/TIMER_CONTROL_I/TCSR0_GENERATE[5].TCSR0_FF
   _I' has unconnected output pin
WARNING:NgdBuild:443 - SFF primitive
   'xps_timer_0/xps_timer_0/TC_CORE_I/TIMER_CONTROL_I/TCSR0_GENERATE[6].TCSR0_FF
   _I' has unconnected output pin
WARNING:NgdBuild:443 - SFF primitive
   'xps_timer_0/xps_timer_0/TC_CORE_I/TIMER_CONTROL_I/TCSR0_GENERATE[7].TCSR0_FF
   _I' has unconnected output pin
WARNING:NgdBuild:443 - SFF primitive
   'xps_timer_0/xps_timer_0/TC_CORE_I/TIMER_CONTROL_I/TCSR0_GENERATE[8].TCSR0_FF
   _I' has unconnected output pin
WARNING:NgdBuild:443 - SFF primitive
   'xps_timer_0/xps_timer_0/TC_CORE_I/TIMER_CONTROL_I/TCSR0_GENERATE[9].TCSR0_FF
   _I' has unconnected output pin
WARNING:NgdBuild:443 - SFF primitive
   'xps_timer_0/xps_timer_0/TC_CORE_I/TIMER_CONTROL_I/TCSR0_GENERATE[10].TCSR0_F
   F_I' has unconnected output pin
WARNING:NgdBuild:443 - SFF primitive
   'xps_timer_0/xps_timer_0/TC_CORE_I/TIMER_CONTROL_I/TCSR0_GENERATE[11].TCSR0_F
   F_I' has unconnected output pin
WARNING:NgdBuild:443 - SFF primitive
   'xps_timer_0/xps_timer_0/TC_CORE_I/TIMER_CONTROL_I/TCSR0_GENERATE[12].TCSR0_F
   F_I' has unconnected output pin
WARNING:NgdBuild:443 - SFF primitive
   'xps_timer_0/xps_timer_0/TC_CORE_I/TIMER_CONTROL_I/TCSR0_GENERATE[13].TCSR0_F
   F_I' has unconnected output pin
WARNING:NgdBuild:443 - SFF primitive
   'xps_timer_0/xps_timer_0/TC_CORE_I/TIMER_CONTROL_I/TCSR0_GENERATE[14].TCSR0_F
   F_I' has unconnected output pin
WARNING:NgdBuild:443 - SFF primitive
   'xps_timer_0/xps_timer_0/TC_CORE_I/TIMER_CONTROL_I/TCSR0_GENERATE[15].TCSR0_F
   F_I' has unconnected output pin
WARNING:NgdBuild:443 - SFF primitive
   'xps_timer_0/xps_timer_0/TC_CORE_I/TIMER_CONTROL_I/TCSR0_GENERATE[16].TCSR0_F
   F_I' has unconnected output pin
WARNING:NgdBuild:443 - SFF primitive
   'xps_timer_0/xps_timer_0/TC_CORE_I/TIMER_CONTROL_I/TCSR0_GENERATE[17].TCSR0_F
   F_I' has unconnected output pin
WARNING:NgdBuild:443 - SFF primitive
   'xps_timer_0/xps_timer_0/TC_CORE_I/TIMER_CONTROL_I/TCSR0_GENERATE[18].TCSR0_F
   F_I' has unconnected output pin
WARNING:NgdBuild:443 - SFF primitive
   'xps_timer_0/xps_timer_0/TC_CORE_I/TIMER_CONTROL_I/TCSR0_GENERATE[19].TCSR0_F
   F_I' has unconnected output pin
WARNING:NgdBuild:443 - SFF primitive
   'xps_timer_0/xps_timer_0/TC_CORE_I/TIMER_CONTROL_I/TCSR0_GENERATE[20].TCSR0_F
   F_I' has unconnected output pin
WARNING:NgdBuild:443 - SFF primitive
   'xps_timer_0/xps_timer_0/TC_CORE_I/TIMER_CONTROL_I/TCSR1_GENERATE[0].TCSR1_FF
   _I' has unconnected output pin
WARNING:NgdBuild:443 - SFF primitive
   'xps_timer_0/xps_timer_0/TC_CORE_I/TIMER_CONTROL_I/TCSR1_GENERATE[1].TCSR1_FF
   _I' has unconnected output pin
WARNING:NgdBuild:443 - SFF primitive
   'xps_timer_0/xps_timer_0/TC_CORE_I/TIMER_CONTROL_I/TCSR1_GENERATE[2].TCSR1_FF
   _I' has unconnected output pin
WARNING:NgdBuild:443 - SFF primitive
   'xps_timer_0/xps_timer_0/TC_CORE_I/TIMER_CONTROL_I/TCSR1_GENERATE[3].TCSR1_FF
   _I' has unconnected output pin
WARNING:NgdBuild:443 - SFF primitive
   'xps_timer_0/xps_timer_0/TC_CORE_I/TIMER_CONTROL_I/TCSR1_GENERATE[4].TCSR1_FF
   _I' has unconnected output pin
WARNING:NgdBuild:443 - SFF primitive
   'xps_timer_0/xps_timer_0/TC_CORE_I/TIMER_CONTROL_I/TCSR1_GENERATE[5].TCSR1_FF
   _I' has unconnected output pin
WARNING:NgdBuild:443 - SFF primitive
   'xps_timer_0/xps_timer_0/TC_CORE_I/TIMER_CONTROL_I/TCSR1_GENERATE[6].TCSR1_FF
   _I' has unconnected output pin
WARNING:NgdBuild:443 - SFF primitive
   'xps_timer_0/xps_timer_0/TC_CORE_I/TIMER_CONTROL_I/TCSR1_GENERATE[7].TCSR1_FF
   _I' has unconnected output pin
WARNING:NgdBuild:443 - SFF primitive
   'xps_timer_0/xps_timer_0/TC_CORE_I/TIMER_CONTROL_I/TCSR1_GENERATE[8].TCSR1_FF
   _I' has unconnected output pin
WARNING:NgdBuild:443 - SFF primitive
   'xps_timer_0/xps_timer_0/TC_CORE_I/TIMER_CONTROL_I/TCSR1_GENERATE[9].TCSR1_FF
   _I' has unconnected output pin
WARNING:NgdBuild:443 - SFF primitive
   'xps_timer_0/xps_timer_0/TC_CORE_I/TIMER_CONTROL_I/TCSR1_GENERATE[10].TCSR1_F
   F_I' has unconnected output pin
WARNING:NgdBuild:443 - SFF primitive
   'xps_timer_0/xps_timer_0/TC_CORE_I/TIMER_CONTROL_I/TCSR1_GENERATE[11].TCSR1_F
   F_I' has unconnected output pin
WARNING:NgdBuild:443 - SFF primitive
   'xps_timer_0/xps_timer_0/TC_CORE_I/TIMER_CONTROL_I/TCSR1_GENERATE[12].TCSR1_F
   F_I' has unconnected output pin
WARNING:NgdBuild:443 - SFF primitive
   'xps_timer_0/xps_timer_0/TC_CORE_I/TIMER_CONTROL_I/TCSR1_GENERATE[13].TCSR1_F
   F_I' has unconnected output pin
WARNING:NgdBuild:443 - SFF primitive
   'xps_timer_0/xps_timer_0/TC_CORE_I/TIMER_CONTROL_I/TCSR1_GENERATE[14].TCSR1_F
   F_I' has unconnected output pin
WARNING:NgdBuild:443 - SFF primitive
   'xps_timer_0/xps_timer_0/TC_CORE_I/TIMER_CONTROL_I/TCSR1_GENERATE[15].TCSR1_F
   F_I' has unconnected output pin
WARNING:NgdBuild:443 - SFF primitive
   'xps_timer_0/xps_timer_0/TC_CORE_I/TIMER_CONTROL_I/TCSR1_GENERATE[16].TCSR1_F
   F_I' has unconnected output pin
WARNING:NgdBuild:443 - SFF primitive
   'xps_timer_0/xps_timer_0/TC_CORE_I/TIMER_CONTROL_I/TCSR1_GENERATE[17].TCSR1_F
   F_I' has unconnected output pin
WARNING:NgdBuild:443 - SFF primitive
   'xps_timer_0/xps_timer_0/TC_CORE_I/TIMER_CONTROL_I/TCSR1_GENERATE[18].TCSR1_F
   F_I' has unconnected output pin
WARNING:NgdBuild:443 - SFF primitive
   'xps_timer_0/xps_timer_0/TC_CORE_I/TIMER_CONTROL_I/TCSR1_GENERATE[19].TCSR1_F
   F_I' has unconnected output pin
WARNING:NgdBuild:443 - SFF primitive
   'xps_timer_0/xps_timer_0/TC_CORE_I/TIMER_CONTROL_I/TCSR1_GENERATE[20].TCSR1_F
   F_I' has unconnected output pin

Partition Implementation Status
-------------------------------

  No Partitions were found in this design.

-------------------------------

NGDBUILD Design Results Summary:
  Number of errors:     0
  Number of warnings:  42

Writing NGD file "system.ngd" ...
Total REAL time to NGDBUILD completion:  22 sec
Total CPU time to NGDBUILD completion:   21 sec

Writing NGDBUILD log file "system.bld"...

NGDBUILD done.



#----------------------------------------------#
# Starting program map
# map -o system_map.ncd -w -pr b -ol high -timing -detail system.ngd system.pcf 
#----------------------------------------------#
Release 13.2 - Map O.61xd (nt64)
Copyright (c) 1995-2011 Xilinx, Inc.  All rights reserved.
PMSPEC -- Overriding Xilinx file
<C:/Xilinx/13.2/ISE_DS/EDK/data/Xdh_PrimTypeLib.xda> with local file
<C:/Xilinx/13.2/ISE_DS/ISE/data/Xdh_PrimTypeLib.xda>
Using target part "5vlx50tff1136-1".
vvvvvvvvvvvvvvvvvvvvvvvvvvvvvvvvvvvvvvvvvvvvvvvvvvvvvvvvvvvvvvvvvvvvvv
INFO:Security:50 - The XILINXD_LICENSE_FILE environment variable is set to
'2100@victoria.lerb.polymtl.ca'.
INFO:Security:52 - The LM_LICENSE_FILE environment variable is set to
'1717@victoria.lerb.polymtl.ca;1400@peel.grm.polymtl.ca;7790@peel.grm.polymtl.ca
;1717@peel.grm.polymtl.ca;1701@peel.grm.polymtl.ca;@peel.grm.polymtl.ca'.
INFO:Security:54 - 'xc5vlx50t' is a WebPack part.
WARNING:Security:43 - No license file was found in the standard Xilinx license
directory.
WARNING:Security:44 - No license file was found.
       Please run the Xilinx License Configuration Manager
       (xlcm or "Manage Xilinx Licenses")
       to assist in obtaining a license.
WARNING:Security:42 - Your software subscription period has lapsed. Your current
version of Xilinx tools will continue to function, but you no longer qualify for
Xilinx software updates or new releases.
----------------------------------------------------------------------
Mapping design into LUTs...
Writing file system_map.ngm...
WARNING:Pack:2874 - Trimming timing constraints from pin
   lmb_bram_1/lmb_bram_1/ramb36_0
   of frag REGCLKAU connected to power/ground net
   lmb_bram_1/lmb_bram_1/ramb36_0_REGCLKAU_tiesig
WARNING:Pack:2874 - Trimming timing constraints from pin
   lmb_bram_1/lmb_bram_1/ramb36_0
   of frag REGCLKAL connected to power/ground net
   lmb_bram_1/lmb_bram_1/ramb36_0_REGCLKAL_tiesig
WARNING:Pack:2874 - Trimming timing constraints from pin
   lmb_bram_1/lmb_bram_1/ramb36_0
   of frag REGCLKBU connected to power/ground net
   lmb_bram_1/lmb_bram_1/ramb36_0_REGCLKBU_tiesig
WARNING:Pack:2874 - Trimming timing constraints from pin
   lmb_bram_1/lmb_bram_1/ramb36_0
   of frag REGCLKBL connected to power/ground net
   lmb_bram_1/lmb_bram_1/ramb36_0_REGCLKBL_tiesig
WARNING:Pack:2874 - Trimming timing constraints from pin
   lmb_bram_1/lmb_bram_1/ramb36_1
   of frag REGCLKAU connected to power/ground net
   lmb_bram_1/lmb_bram_1/ramb36_1_REGCLKAU_tiesig
WARNING:Pack:2874 - Trimming timing constraints from pin
   lmb_bram_1/lmb_bram_1/ramb36_1
   of frag REGCLKAL connected to power/ground net
   lmb_bram_1/lmb_bram_1/ramb36_1_REGCLKAL_tiesig
WARNING:Pack:2874 - Trimming timing constraints from pin
   lmb_bram_1/lmb_bram_1/ramb36_1
   of frag REGCLKBU connected to power/ground net
   lmb_bram_1/lmb_bram_1/ramb36_1_REGCLKBU_tiesig
WARNING:Pack:2874 - Trimming timing constraints from pin
   lmb_bram_1/lmb_bram_1/ramb36_1
   of frag REGCLKBL connected to power/ground net
   lmb_bram_1/lmb_bram_1/ramb36_1_REGCLKBL_tiesig
WARNING:Pack:2874 - Trimming timing constraints from pin
   lmb_bram_1/lmb_bram_1/ramb36_10
   of frag REGCLKAU connected to power/ground net
   lmb_bram_1/lmb_bram_1/ramb36_10_REGCLKAU_tiesig
WARNING:Pack:2874 - Trimming timing constraints from pin
   lmb_bram_1/lmb_bram_1/ramb36_10
   of frag REGCLKAL connected to power/ground net
   lmb_bram_1/lmb_bram_1/ramb36_10_REGCLKAL_tiesig
WARNING:Pack:2874 - Trimming timing constraints from pin
   lmb_bram_1/lmb_bram_1/ramb36_10
   of frag REGCLKBU connected to power/ground net
   lmb_bram_1/lmb_bram_1/ramb36_10_REGCLKBU_tiesig
WARNING:Pack:2874 - Trimming timing constraints from pin
   lmb_bram_1/lmb_bram_1/ramb36_10
   of frag REGCLKBL connected to power/ground net
   lmb_bram_1/lmb_bram_1/ramb36_10_REGCLKBL_tiesig
WARNING:Pack:2874 - Trimming timing constraints from pin
   lmb_bram_1/lmb_bram_1/ramb36_11
   of frag REGCLKAU connected to power/ground net
   lmb_bram_1/lmb_bram_1/ramb36_11_REGCLKAU_tiesig
WARNING:Pack:2874 - Trimming timing constraints from pin
   lmb_bram_1/lmb_bram_1/ramb36_11
   of frag REGCLKAL connected to power/ground net
   lmb_bram_1/lmb_bram_1/ramb36_11_REGCLKAL_tiesig
WARNING:Pack:2874 - Trimming timing constraints from pin
   lmb_bram_1/lmb_bram_1/ramb36_11
   of frag REGCLKBU connected to power/ground net
   lmb_bram_1/lmb_bram_1/ramb36_11_REGCLKBU_tiesig
WARNING:Pack:2874 - Trimming timing constraints from pin
   lmb_bram_1/lmb_bram_1/ramb36_11
   of frag REGCLKBL connected to power/ground net
   lmb_bram_1/lmb_bram_1/ramb36_11_REGCLKBL_tiesig
WARNING:Pack:2874 - Trimming timing constraints from pin
   lmb_bram_1/lmb_bram_1/ramb36_12
   of frag REGCLKAU connected to power/ground net
   lmb_bram_1/lmb_bram_1/ramb36_12_REGCLKAU_tiesig
WARNING:Pack:2874 - Trimming timing constraints from pin
   lmb_bram_1/lmb_bram_1/ramb36_12
   of frag REGCLKAL connected to power/ground net
   lmb_bram_1/lmb_bram_1/ramb36_12_REGCLKAL_tiesig
WARNING:Pack:2874 - Trimming timing constraints from pin
   lmb_bram_1/lmb_bram_1/ramb36_12
   of frag REGCLKBU connected to power/ground net
   lmb_bram_1/lmb_bram_1/ramb36_12_REGCLKBU_tiesig
WARNING:Pack:2874 - Trimming timing constraints from pin
   lmb_bram_1/lmb_bram_1/ramb36_12
   of frag REGCLKBL connected to power/ground net
   lmb_bram_1/lmb_bram_1/ramb36_12_REGCLKBL_tiesig
WARNING:Pack:2874 - Trimming timing constraints from pin
   lmb_bram_1/lmb_bram_1/ramb36_13
   of frag REGCLKAU connected to power/ground net
   lmb_bram_1/lmb_bram_1/ramb36_13_REGCLKAU_tiesig
WARNING:Pack:2874 - Trimming timing constraints from pin
   lmb_bram_1/lmb_bram_1/ramb36_13
   of frag REGCLKAL connected to power/ground net
   lmb_bram_1/lmb_bram_1/ramb36_13_REGCLKAL_tiesig
WARNING:Pack:2874 - Trimming timing constraints from pin
   lmb_bram_1/lmb_bram_1/ramb36_13
   of frag REGCLKBU connected to power/ground net
   lmb_bram_1/lmb_bram_1/ramb36_13_REGCLKBU_tiesig
WARNING:Pack:2874 - Trimming timing constraints from pin
   lmb_bram_1/lmb_bram_1/ramb36_13
   of frag REGCLKBL connected to power/ground net
   lmb_bram_1/lmb_bram_1/ramb36_13_REGCLKBL_tiesig
WARNING:Pack:2874 - Trimming timing constraints from pin
   lmb_bram_1/lmb_bram_1/ramb36_14
   of frag REGCLKAU connected to power/ground net
   lmb_bram_1/lmb_bram_1/ramb36_14_REGCLKAU_tiesig
WARNING:Pack:2874 - Trimming timing constraints from pin
   lmb_bram_1/lmb_bram_1/ramb36_14
   of frag REGCLKAL connected to power/ground net
   lmb_bram_1/lmb_bram_1/ramb36_14_REGCLKAL_tiesig
WARNING:Pack:2874 - Trimming timing constraints from pin
   lmb_bram_1/lmb_bram_1/ramb36_14
   of frag REGCLKBU connected to power/ground net
   lmb_bram_1/lmb_bram_1/ramb36_14_REGCLKBU_tiesig
WARNING:Pack:2874 - Trimming timing constraints from pin
   lmb_bram_1/lmb_bram_1/ramb36_14
   of frag REGCLKBL connected to power/ground net
   lmb_bram_1/lmb_bram_1/ramb36_14_REGCLKBL_tiesig
WARNING:Pack:2874 - Trimming timing constraints from pin
   lmb_bram_1/lmb_bram_1/ramb36_15
   of frag REGCLKAU connected to power/ground net
   lmb_bram_1/lmb_bram_1/ramb36_15_REGCLKAU_tiesig
WARNING:Pack:2874 - Trimming timing constraints from pin
   lmb_bram_1/lmb_bram_1/ramb36_15
   of frag REGCLKAL connected to power/ground net
   lmb_bram_1/lmb_bram_1/ramb36_15_REGCLKAL_tiesig
WARNING:Pack:2874 - Trimming timing constraints from pin
   lmb_bram_1/lmb_bram_1/ramb36_15
   of frag REGCLKBU connected to power/ground net
   lmb_bram_1/lmb_bram_1/ramb36_15_REGCLKBU_tiesig
WARNING:Pack:2874 - Trimming timing constraints from pin
   lmb_bram_1/lmb_bram_1/ramb36_15
   of frag REGCLKBL connected to power/ground net
   lmb_bram_1/lmb_bram_1/ramb36_15_REGCLKBL_tiesig
WARNING:Pack:2874 - Trimming timing constraints from pin
   lmb_bram_1/lmb_bram_1/ramb36_2
   of frag REGCLKAU connected to power/ground net
   lmb_bram_1/lmb_bram_1/ramb36_2_REGCLKAU_tiesig
WARNING:Pack:2874 - Trimming timing constraints from pin
   lmb_bram_1/lmb_bram_1/ramb36_2
   of frag REGCLKAL connected to power/ground net
   lmb_bram_1/lmb_bram_1/ramb36_2_REGCLKAL_tiesig
WARNING:Pack:2874 - Trimming timing constraints from pin
   lmb_bram_1/lmb_bram_1/ramb36_2
   of frag REGCLKBU connected to power/ground net
   lmb_bram_1/lmb_bram_1/ramb36_2_REGCLKBU_tiesig
WARNING:Pack:2874 - Trimming timing constraints from pin
   lmb_bram_1/lmb_bram_1/ramb36_2
   of frag REGCLKBL connected to power/ground net
   lmb_bram_1/lmb_bram_1/ramb36_2_REGCLKBL_tiesig
WARNING:Pack:2874 - Trimming timing constraints from pin
   lmb_bram_1/lmb_bram_1/ramb36_3
   of frag REGCLKAU connected to power/ground net
   lmb_bram_1/lmb_bram_1/ramb36_3_REGCLKAU_tiesig
WARNING:Pack:2874 - Trimming timing constraints from pin
   lmb_bram_1/lmb_bram_1/ramb36_3
   of frag REGCLKAL connected to power/ground net
   lmb_bram_1/lmb_bram_1/ramb36_3_REGCLKAL_tiesig
WARNING:Pack:2874 - Trimming timing constraints from pin
   lmb_bram_1/lmb_bram_1/ramb36_3
   of frag REGCLKBU connected to power/ground net
   lmb_bram_1/lmb_bram_1/ramb36_3_REGCLKBU_tiesig
WARNING:Pack:2874 - Trimming timing constraints from pin
   lmb_bram_1/lmb_bram_1/ramb36_3
   of frag REGCLKBL connected to power/ground net
   lmb_bram_1/lmb_bram_1/ramb36_3_REGCLKBL_tiesig
WARNING:Pack:2874 - Trimming timing constraints from pin
   lmb_bram_1/lmb_bram_1/ramb36_4
   of frag REGCLKAU connected to power/ground net
   lmb_bram_1/lmb_bram_1/ramb36_4_REGCLKAU_tiesig
WARNING:Pack:2874 - Trimming timing constraints from pin
   lmb_bram_1/lmb_bram_1/ramb36_4
   of frag REGCLKAL connected to power/ground net
   lmb_bram_1/lmb_bram_1/ramb36_4_REGCLKAL_tiesig
WARNING:Pack:2874 - Trimming timing constraints from pin
   lmb_bram_1/lmb_bram_1/ramb36_4
   of frag REGCLKBU connected to power/ground net
   lmb_bram_1/lmb_bram_1/ramb36_4_REGCLKBU_tiesig
WARNING:Pack:2874 - Trimming timing constraints from pin
   lmb_bram_1/lmb_bram_1/ramb36_4
   of frag REGCLKBL connected to power/ground net
   lmb_bram_1/lmb_bram_1/ramb36_4_REGCLKBL_tiesig
WARNING:Pack:2874 - Trimming timing constraints from pin
   lmb_bram_1/lmb_bram_1/ramb36_5
   of frag REGCLKAU connected to power/ground net
   lmb_bram_1/lmb_bram_1/ramb36_5_REGCLKAU_tiesig
WARNING:Pack:2874 - Trimming timing constraints from pin
   lmb_bram_1/lmb_bram_1/ramb36_5
   of frag REGCLKAL connected to power/ground net
   lmb_bram_1/lmb_bram_1/ramb36_5_REGCLKAL_tiesig
WARNING:Pack:2874 - Trimming timing constraints from pin
   lmb_bram_1/lmb_bram_1/ramb36_5
   of frag REGCLKBU connected to power/ground net
   lmb_bram_1/lmb_bram_1/ramb36_5_REGCLKBU_tiesig
WARNING:Pack:2874 - Trimming timing constraints from pin
   lmb_bram_1/lmb_bram_1/ramb36_5
   of frag REGCLKBL connected to power/ground net
   lmb_bram_1/lmb_bram_1/ramb36_5_REGCLKBL_tiesig
WARNING:Pack:2874 - Trimming timing constraints from pin
   lmb_bram_1/lmb_bram_1/ramb36_6
   of frag REGCLKAU connected to power/ground net
   lmb_bram_1/lmb_bram_1/ramb36_6_REGCLKAU_tiesig
WARNING:Pack:2874 - Trimming timing constraints from pin
   lmb_bram_1/lmb_bram_1/ramb36_6
   of frag REGCLKAL connected to power/ground net
   lmb_bram_1/lmb_bram_1/ramb36_6_REGCLKAL_tiesig
WARNING:Pack:2874 - Trimming timing constraints from pin
   lmb_bram_1/lmb_bram_1/ramb36_6
   of frag REGCLKBU connected to power/ground net
   lmb_bram_1/lmb_bram_1/ramb36_6_REGCLKBU_tiesig
WARNING:Pack:2874 - Trimming timing constraints from pin
   lmb_bram_1/lmb_bram_1/ramb36_6
   of frag REGCLKBL connected to power/ground net
   lmb_bram_1/lmb_bram_1/ramb36_6_REGCLKBL_tiesig
WARNING:Pack:2874 - Trimming timing constraints from pin
   lmb_bram_1/lmb_bram_1/ramb36_7
   of frag REGCLKAU connected to power/ground net
   lmb_bram_1/lmb_bram_1/ramb36_7_REGCLKAU_tiesig
WARNING:Pack:2874 - Trimming timing constraints from pin
   lmb_bram_1/lmb_bram_1/ramb36_7
   of frag REGCLKAL connected to power/ground net
   lmb_bram_1/lmb_bram_1/ramb36_7_REGCLKAL_tiesig
WARNING:Pack:2874 - Trimming timing constraints from pin
   lmb_bram_1/lmb_bram_1/ramb36_7
   of frag REGCLKBU connected to power/ground net
   lmb_bram_1/lmb_bram_1/ramb36_7_REGCLKBU_tiesig
WARNING:Pack:2874 - Trimming timing constraints from pin
   lmb_bram_1/lmb_bram_1/ramb36_7
   of frag REGCLKBL connected to power/ground net
   lmb_bram_1/lmb_bram_1/ramb36_7_REGCLKBL_tiesig
WARNING:Pack:2874 - Trimming timing constraints from pin
   lmb_bram_1/lmb_bram_1/ramb36_8
   of frag REGCLKAU connected to power/ground net
   lmb_bram_1/lmb_bram_1/ramb36_8_REGCLKAU_tiesig
WARNING:Pack:2874 - Trimming timing constraints from pin
   lmb_bram_1/lmb_bram_1/ramb36_8
   of frag REGCLKAL connected to power/ground net
   lmb_bram_1/lmb_bram_1/ramb36_8_REGCLKAL_tiesig
WARNING:Pack:2874 - Trimming timing constraints from pin
   lmb_bram_1/lmb_bram_1/ramb36_8
   of frag REGCLKBU connected to power/ground net
   lmb_bram_1/lmb_bram_1/ramb36_8_REGCLKBU_tiesig
WARNING:Pack:2874 - Trimming timing constraints from pin
   lmb_bram_1/lmb_bram_1/ramb36_8
   of frag REGCLKBL connected to power/ground net
   lmb_bram_1/lmb_bram_1/ramb36_8_REGCLKBL_tiesig
WARNING:Pack:2874 - Trimming timing constraints from pin
   lmb_bram_1/lmb_bram_1/ramb36_9
   of frag REGCLKAU connected to power/ground net
   lmb_bram_1/lmb_bram_1/ramb36_9_REGCLKAU_tiesig
WARNING:Pack:2874 - Trimming timing constraints from pin
   lmb_bram_1/lmb_bram_1/ramb36_9
   of frag REGCLKAL connected to power/ground net
   lmb_bram_1/lmb_bram_1/ramb36_9_REGCLKAL_tiesig
WARNING:Pack:2874 - Trimming timing constraints from pin
   lmb_bram_1/lmb_bram_1/ramb36_9
   of frag REGCLKBU connected to power/ground net
   lmb_bram_1/lmb_bram_1/ramb36_9_REGCLKBU_tiesig
WARNING:Pack:2874 - Trimming timing constraints from pin
   lmb_bram_1/lmb_bram_1/ramb36_9
   of frag REGCLKBL connected to power/ground net
   lmb_bram_1/lmb_bram_1/ramb36_9_REGCLKBL_tiesig
WARNING:Pack:2874 - Trimming timing constraints from pin
   lmb_bram_0/lmb_bram_0/ramb36_0
   of frag REGCLKAU connected to power/ground net
   lmb_bram_0/lmb_bram_0/ramb36_0_REGCLKAU_tiesig
WARNING:Pack:2874 - Trimming timing constraints from pin
   lmb_bram_0/lmb_bram_0/ramb36_0
   of frag REGCLKAL connected to power/ground net
   lmb_bram_0/lmb_bram_0/ramb36_0_REGCLKAL_tiesig
WARNING:Pack:2874 - Trimming timing constraints from pin
   lmb_bram_0/lmb_bram_0/ramb36_0
   of frag REGCLKBU connected to power/ground net
   lmb_bram_0/lmb_bram_0/ramb36_0_REGCLKBU_tiesig
WARNING:Pack:2874 - Trimming timing constraints from pin
   lmb_bram_0/lmb_bram_0/ramb36_0
   of frag REGCLKBL connected to power/ground net
   lmb_bram_0/lmb_bram_0/ramb36_0_REGCLKBL_tiesig
WARNING:Pack:2874 - Trimming timing constraints from pin
   lmb_bram_0/lmb_bram_0/ramb36_1
   of frag REGCLKAU connected to power/ground net
   lmb_bram_0/lmb_bram_0/ramb36_1_REGCLKAU_tiesig
WARNING:Pack:2874 - Trimming timing constraints from pin
   lmb_bram_0/lmb_bram_0/ramb36_1
   of frag REGCLKAL connected to power/ground net
   lmb_bram_0/lmb_bram_0/ramb36_1_REGCLKAL_tiesig
WARNING:Pack:2874 - Trimming timing constraints from pin
   lmb_bram_0/lmb_bram_0/ramb36_1
   of frag REGCLKBU connected to power/ground net
   lmb_bram_0/lmb_bram_0/ramb36_1_REGCLKBU_tiesig
WARNING:Pack:2874 - Trimming timing constraints from pin
   lmb_bram_0/lmb_bram_0/ramb36_1
   of frag REGCLKBL connected to power/ground net
   lmb_bram_0/lmb_bram_0/ramb36_1_REGCLKBL_tiesig
WARNING:Pack:2874 - Trimming timing constraints from pin
   lmb_bram_0/lmb_bram_0/ramb36_10
   of frag REGCLKAU connected to power/ground net
   lmb_bram_0/lmb_bram_0/ramb36_10_REGCLKAU_tiesig
WARNING:Pack:2874 - Trimming timing constraints from pin
   lmb_bram_0/lmb_bram_0/ramb36_10
   of frag REGCLKAL connected to power/ground net
   lmb_bram_0/lmb_bram_0/ramb36_10_REGCLKAL_tiesig
WARNING:Pack:2874 - Trimming timing constraints from pin
   lmb_bram_0/lmb_bram_0/ramb36_10
   of frag REGCLKBU connected to power/ground net
   lmb_bram_0/lmb_bram_0/ramb36_10_REGCLKBU_tiesig
WARNING:Pack:2874 - Trimming timing constraints from pin
   lmb_bram_0/lmb_bram_0/ramb36_10
   of frag REGCLKBL connected to power/ground net
   lmb_bram_0/lmb_bram_0/ramb36_10_REGCLKBL_tiesig
WARNING:Pack:2874 - Trimming timing constraints from pin
   lmb_bram_0/lmb_bram_0/ramb36_11
   of frag REGCLKAU connected to power/ground net
   lmb_bram_0/lmb_bram_0/ramb36_11_REGCLKAU_tiesig
WARNING:Pack:2874 - Trimming timing constraints from pin
   lmb_bram_0/lmb_bram_0/ramb36_11
   of frag REGCLKAL connected to power/ground net
   lmb_bram_0/lmb_bram_0/ramb36_11_REGCLKAL_tiesig
WARNING:Pack:2874 - Trimming timing constraints from pin
   lmb_bram_0/lmb_bram_0/ramb36_11
   of frag REGCLKBU connected to power/ground net
   lmb_bram_0/lmb_bram_0/ramb36_11_REGCLKBU_tiesig
WARNING:Pack:2874 - Trimming timing constraints from pin
   lmb_bram_0/lmb_bram_0/ramb36_11
   of frag REGCLKBL connected to power/ground net
   lmb_bram_0/lmb_bram_0/ramb36_11_REGCLKBL_tiesig
WARNING:Pack:2874 - Trimming timing constraints from pin
   lmb_bram_0/lmb_bram_0/ramb36_12
   of frag REGCLKAU connected to power/ground net
   lmb_bram_0/lmb_bram_0/ramb36_12_REGCLKAU_tiesig
WARNING:Pack:2874 - Trimming timing constraints from pin
   lmb_bram_0/lmb_bram_0/ramb36_12
   of frag REGCLKAL connected to power/ground net
   lmb_bram_0/lmb_bram_0/ramb36_12_REGCLKAL_tiesig
WARNING:Pack:2874 - Trimming timing constraints from pin
   lmb_bram_0/lmb_bram_0/ramb36_12
   of frag REGCLKBU connected to power/ground net
   lmb_bram_0/lmb_bram_0/ramb36_12_REGCLKBU_tiesig
WARNING:Pack:2874 - Trimming timing constraints from pin
   lmb_bram_0/lmb_bram_0/ramb36_12
   of frag REGCLKBL connected to power/ground net
   lmb_bram_0/lmb_bram_0/ramb36_12_REGCLKBL_tiesig
WARNING:Pack:2874 - Trimming timing constraints from pin
   lmb_bram_0/lmb_bram_0/ramb36_13
   of frag REGCLKAU connected to power/ground net
   lmb_bram_0/lmb_bram_0/ramb36_13_REGCLKAU_tiesig
WARNING:Pack:2874 - Trimming timing constraints from pin
   lmb_bram_0/lmb_bram_0/ramb36_13
   of frag REGCLKAL connected to power/ground net
   lmb_bram_0/lmb_bram_0/ramb36_13_REGCLKAL_tiesig
WARNING:Pack:2874 - Trimming timing constraints from pin
   lmb_bram_0/lmb_bram_0/ramb36_13
   of frag REGCLKBU connected to power/ground net
   lmb_bram_0/lmb_bram_0/ramb36_13_REGCLKBU_tiesig
WARNING:Pack:2874 - Trimming timing constraints from pin
   lmb_bram_0/lmb_bram_0/ramb36_13
   of frag REGCLKBL connected to power/ground net
   lmb_bram_0/lmb_bram_0/ramb36_13_REGCLKBL_tiesig
WARNING:Pack:2874 - Trimming timing constraints from pin
   lmb_bram_0/lmb_bram_0/ramb36_14
   of frag REGCLKAU connected to power/ground net
   lmb_bram_0/lmb_bram_0/ramb36_14_REGCLKAU_tiesig
WARNING:Pack:2874 - Trimming timing constraints from pin
   lmb_bram_0/lmb_bram_0/ramb36_14
   of frag REGCLKAL connected to power/ground net
   lmb_bram_0/lmb_bram_0/ramb36_14_REGCLKAL_tiesig
WARNING:Pack:2874 - Trimming timing constraints from pin
   lmb_bram_0/lmb_bram_0/ramb36_14
   of frag REGCLKBU connected to power/ground net
   lmb_bram_0/lmb_bram_0/ramb36_14_REGCLKBU_tiesig
WARNING:Pack:2874 - Trimming timing constraints from pin
   lmb_bram_0/lmb_bram_0/ramb36_14
   of frag REGCLKBL connected to power/ground net
   lmb_bram_0/lmb_bram_0/ramb36_14_REGCLKBL_tiesig
WARNING:Pack:2874 - Trimming timing constraints from pin
   lmb_bram_0/lmb_bram_0/ramb36_15
   of frag REGCLKAU connected to power/ground net
   lmb_bram_0/lmb_bram_0/ramb36_15_REGCLKAU_tiesig
WARNING:Pack:2874 - Trimming timing constraints from pin
   lmb_bram_0/lmb_bram_0/ramb36_15
   of frag REGCLKAL connected to power/ground net
   lmb_bram_0/lmb_bram_0/ramb36_15_REGCLKAL_tiesig
WARNING:Pack:2874 - Trimming timing constraints from pin
   lmb_bram_0/lmb_bram_0/ramb36_15
   of frag REGCLKBU connected to power/ground net
   lmb_bram_0/lmb_bram_0/ramb36_15_REGCLKBU_tiesig
WARNING:Pack:2874 - Trimming timing constraints from pin
   lmb_bram_0/lmb_bram_0/ramb36_15
   of frag REGCLKBL connected to power/ground net
   lmb_bram_0/lmb_bram_0/ramb36_15_REGCLKBL_tiesig
WARNING:Pack:2874 - Trimming timing constraints from pin
   lmb_bram_0/lmb_bram_0/ramb36_16
   of frag REGCLKAU connected to power/ground net
   lmb_bram_0/lmb_bram_0/ramb36_16_REGCLKAU_tiesig
WARNING:Pack:2874 - Trimming timing constraints from pin
   lmb_bram_0/lmb_bram_0/ramb36_16
   of frag REGCLKAL connected to power/ground net
   lmb_bram_0/lmb_bram_0/ramb36_16_REGCLKAL_tiesig
WARNING:Pack:2874 - Trimming timing constraints from pin
   lmb_bram_0/lmb_bram_0/ramb36_16
   of frag REGCLKBU connected to power/ground net
   lmb_bram_0/lmb_bram_0/ramb36_16_REGCLKBU_tiesig
WARNING:Pack:2874 - Trimming timing constraints from pin
   lmb_bram_0/lmb_bram_0/ramb36_16
   of frag REGCLKBL connected to power/ground net
   lmb_bram_0/lmb_bram_0/ramb36_16_REGCLKBL_tiesig
WARNING:Pack:2874 - Trimming timing constraints from pin
   lmb_bram_0/lmb_bram_0/ramb36_17
   of frag REGCLKAU connected to power/ground net
   lmb_bram_0/lmb_bram_0/ramb36_17_REGCLKAU_tiesig
WARNING:Pack:2874 - Trimming timing constraints from pin
   lmb_bram_0/lmb_bram_0/ramb36_17
   of frag REGCLKAL connected to power/ground net
   lmb_bram_0/lmb_bram_0/ramb36_17_REGCLKAL_tiesig
WARNING:Pack:2874 - Trimming timing constraints from pin
   lmb_bram_0/lmb_bram_0/ramb36_17
   of frag REGCLKBU connected to power/ground net
   lmb_bram_0/lmb_bram_0/ramb36_17_REGCLKBU_tiesig
WARNING:Pack:2874 - Trimming timing constraints from pin
   lmb_bram_0/lmb_bram_0/ramb36_17
   of frag REGCLKBL connected to power/ground net
   lmb_bram_0/lmb_bram_0/ramb36_17_REGCLKBL_tiesig
WARNING:Pack:2874 - Trimming timing constraints from pin
   lmb_bram_0/lmb_bram_0/ramb36_18
   of frag REGCLKAU connected to power/ground net
   lmb_bram_0/lmb_bram_0/ramb36_18_REGCLKAU_tiesig
WARNING:Pack:2874 - Trimming timing constraints from pin
   lmb_bram_0/lmb_bram_0/ramb36_18
   of frag REGCLKAL connected to power/ground net
   lmb_bram_0/lmb_bram_0/ramb36_18_REGCLKAL_tiesig
WARNING:Pack:2874 - Trimming timing constraints from pin
   lmb_bram_0/lmb_bram_0/ramb36_18
   of frag REGCLKBU connected to power/ground net
   lmb_bram_0/lmb_bram_0/ramb36_18_REGCLKBU_tiesig
WARNING:Pack:2874 - Trimming timing constraints from pin
   lmb_bram_0/lmb_bram_0/ramb36_18
   of frag REGCLKBL connected to power/ground net
   lmb_bram_0/lmb_bram_0/ramb36_18_REGCLKBL_tiesig
WARNING:Pack:2874 - Trimming timing constraints from pin
   lmb_bram_0/lmb_bram_0/ramb36_19
   of frag REGCLKAU connected to power/ground net
   lmb_bram_0/lmb_bram_0/ramb36_19_REGCLKAU_tiesig
WARNING:Pack:2874 - Trimming timing constraints from pin
   lmb_bram_0/lmb_bram_0/ramb36_19
   of frag REGCLKAL connected to power/ground net
   lmb_bram_0/lmb_bram_0/ramb36_19_REGCLKAL_tiesig
WARNING:Pack:2874 - Trimming timing constraints from pin
   lmb_bram_0/lmb_bram_0/ramb36_19
   of frag REGCLKBU connected to power/ground net
   lmb_bram_0/lmb_bram_0/ramb36_19_REGCLKBU_tiesig
WARNING:Pack:2874 - Trimming timing constraints from pin
   lmb_bram_0/lmb_bram_0/ramb36_19
   of frag REGCLKBL connected to power/ground net
   lmb_bram_0/lmb_bram_0/ramb36_19_REGCLKBL_tiesig
WARNING:Pack:2874 - Trimming timing constraints from pin
   lmb_bram_0/lmb_bram_0/ramb36_2
   of frag REGCLKAU connected to power/ground net
   lmb_bram_0/lmb_bram_0/ramb36_2_REGCLKAU_tiesig
WARNING:Pack:2874 - Trimming timing constraints from pin
   lmb_bram_0/lmb_bram_0/ramb36_2
   of frag REGCLKAL connected to power/ground net
   lmb_bram_0/lmb_bram_0/ramb36_2_REGCLKAL_tiesig
WARNING:Pack:2874 - Trimming timing constraints from pin
   lmb_bram_0/lmb_bram_0/ramb36_2
   of frag REGCLKBU connected to power/ground net
   lmb_bram_0/lmb_bram_0/ramb36_2_REGCLKBU_tiesig
WARNING:Pack:2874 - Trimming timing constraints from pin
   lmb_bram_0/lmb_bram_0/ramb36_2
   of frag REGCLKBL connected to power/ground net
   lmb_bram_0/lmb_bram_0/ramb36_2_REGCLKBL_tiesig
WARNING:Pack:2874 - Trimming timing constraints from pin
   lmb_bram_0/lmb_bram_0/ramb36_20
   of frag REGCLKAU connected to power/ground net
   lmb_bram_0/lmb_bram_0/ramb36_20_REGCLKAU_tiesig
WARNING:Pack:2874 - Trimming timing constraints from pin
   lmb_bram_0/lmb_bram_0/ramb36_20
   of frag REGCLKAL connected to power/ground net
   lmb_bram_0/lmb_bram_0/ramb36_20_REGCLKAL_tiesig
WARNING:Pack:2874 - Trimming timing constraints from pin
   lmb_bram_0/lmb_bram_0/ramb36_20
   of frag REGCLKBU connected to power/ground net
   lmb_bram_0/lmb_bram_0/ramb36_20_REGCLKBU_tiesig
WARNING:Pack:2874 - Trimming timing constraints from pin
   lmb_bram_0/lmb_bram_0/ramb36_20
   of frag REGCLKBL connected to power/ground net
   lmb_bram_0/lmb_bram_0/ramb36_20_REGCLKBL_tiesig
WARNING:Pack:2874 - Trimming timing constraints from pin
   lmb_bram_0/lmb_bram_0/ramb36_21
   of frag REGCLKAU connected to power/ground net
   lmb_bram_0/lmb_bram_0/ramb36_21_REGCLKAU_tiesig
WARNING:Pack:2874 - Trimming timing constraints from pin
   lmb_bram_0/lmb_bram_0/ramb36_21
   of frag REGCLKAL connected to power/ground net
   lmb_bram_0/lmb_bram_0/ramb36_21_REGCLKAL_tiesig
WARNING:Pack:2874 - Trimming timing constraints from pin
   lmb_bram_0/lmb_bram_0/ramb36_21
   of frag REGCLKBU connected to power/ground net
   lmb_bram_0/lmb_bram_0/ramb36_21_REGCLKBU_tiesig
WARNING:Pack:2874 - Trimming timing constraints from pin
   lmb_bram_0/lmb_bram_0/ramb36_21
   of frag REGCLKBL connected to power/ground net
   lmb_bram_0/lmb_bram_0/ramb36_21_REGCLKBL_tiesig
WARNING:Pack:2874 - Trimming timing constraints from pin
   lmb_bram_0/lmb_bram_0/ramb36_22
   of frag REGCLKAU connected to power/ground net
   lmb_bram_0/lmb_bram_0/ramb36_22_REGCLKAU_tiesig
WARNING:Pack:2874 - Trimming timing constraints from pin
   lmb_bram_0/lmb_bram_0/ramb36_22
   of frag REGCLKAL connected to power/ground net
   lmb_bram_0/lmb_bram_0/ramb36_22_REGCLKAL_tiesig
WARNING:Pack:2874 - Trimming timing constraints from pin
   lmb_bram_0/lmb_bram_0/ramb36_22
   of frag REGCLKBU connected to power/ground net
   lmb_bram_0/lmb_bram_0/ramb36_22_REGCLKBU_tiesig
WARNING:Pack:2874 - Trimming timing constraints from pin
   lmb_bram_0/lmb_bram_0/ramb36_22
   of frag REGCLKBL connected to power/ground net
   lmb_bram_0/lmb_bram_0/ramb36_22_REGCLKBL_tiesig
WARNING:Pack:2874 - Trimming timing constraints from pin
   lmb_bram_0/lmb_bram_0/ramb36_23
   of frag REGCLKAU connected to power/ground net
   lmb_bram_0/lmb_bram_0/ramb36_23_REGCLKAU_tiesig
WARNING:Pack:2874 - Trimming timing constraints from pin
   lmb_bram_0/lmb_bram_0/ramb36_23
   of frag REGCLKAL connected to power/ground net
   lmb_bram_0/lmb_bram_0/ramb36_23_REGCLKAL_tiesig
WARNING:Pack:2874 - Trimming timing constraints from pin
   lmb_bram_0/lmb_bram_0/ramb36_23
   of frag REGCLKBU connected to power/ground net
   lmb_bram_0/lmb_bram_0/ramb36_23_REGCLKBU_tiesig
WARNING:Pack:2874 - Trimming timing constraints from pin
   lmb_bram_0/lmb_bram_0/ramb36_23
   of frag REGCLKBL connected to power/ground net
   lmb_bram_0/lmb_bram_0/ramb36_23_REGCLKBL_tiesig
WARNING:Pack:2874 - Trimming timing constraints from pin
   lmb_bram_0/lmb_bram_0/ramb36_24
   of frag REGCLKAU connected to power/ground net
   lmb_bram_0/lmb_bram_0/ramb36_24_REGCLKAU_tiesig
WARNING:Pack:2874 - Trimming timing constraints from pin
   lmb_bram_0/lmb_bram_0/ramb36_24
   of frag REGCLKAL connected to power/ground net
   lmb_bram_0/lmb_bram_0/ramb36_24_REGCLKAL_tiesig
WARNING:Pack:2874 - Trimming timing constraints from pin
   lmb_bram_0/lmb_bram_0/ramb36_24
   of frag REGCLKBU connected to power/ground net
   lmb_bram_0/lmb_bram_0/ramb36_24_REGCLKBU_tiesig
WARNING:Pack:2874 - Trimming timing constraints from pin
   lmb_bram_0/lmb_bram_0/ramb36_24
   of frag REGCLKBL connected to power/ground net
   lmb_bram_0/lmb_bram_0/ramb36_24_REGCLKBL_tiesig
WARNING:Pack:2874 - Trimming timing constraints from pin
   lmb_bram_0/lmb_bram_0/ramb36_25
   of frag REGCLKAU connected to power/ground net
   lmb_bram_0/lmb_bram_0/ramb36_25_REGCLKAU_tiesig
WARNING:Pack:2874 - Trimming timing constraints from pin
   lmb_bram_0/lmb_bram_0/ramb36_25
   of frag REGCLKAL connected to power/ground net
   lmb_bram_0/lmb_bram_0/ramb36_25_REGCLKAL_tiesig
WARNING:Pack:2874 - Trimming timing constraints from pin
   lmb_bram_0/lmb_bram_0/ramb36_25
   of frag REGCLKBU connected to power/ground net
   lmb_bram_0/lmb_bram_0/ramb36_25_REGCLKBU_tiesig
WARNING:Pack:2874 - Trimming timing constraints from pin
   lmb_bram_0/lmb_bram_0/ramb36_25
   of frag REGCLKBL connected to power/ground net
   lmb_bram_0/lmb_bram_0/ramb36_25_REGCLKBL_tiesig
WARNING:Pack:2874 - Trimming timing constraints from pin
   lmb_bram_0/lmb_bram_0/ramb36_26
   of frag REGCLKAU connected to power/ground net
   lmb_bram_0/lmb_bram_0/ramb36_26_REGCLKAU_tiesig
WARNING:Pack:2874 - Trimming timing constraints from pin
   lmb_bram_0/lmb_bram_0/ramb36_26
   of frag REGCLKAL connected to power/ground net
   lmb_bram_0/lmb_bram_0/ramb36_26_REGCLKAL_tiesig
WARNING:Pack:2874 - Trimming timing constraints from pin
   lmb_bram_0/lmb_bram_0/ramb36_26
   of frag REGCLKBU connected to power/ground net
   lmb_bram_0/lmb_bram_0/ramb36_26_REGCLKBU_tiesig
WARNING:Pack:2874 - Trimming timing constraints from pin
   lmb_bram_0/lmb_bram_0/ramb36_26
   of frag REGCLKBL connected to power/ground net
   lmb_bram_0/lmb_bram_0/ramb36_26_REGCLKBL_tiesig
WARNING:Pack:2874 - Trimming timing constraints from pin
   lmb_bram_0/lmb_bram_0/ramb36_27
   of frag REGCLKAU connected to power/ground net
   lmb_bram_0/lmb_bram_0/ramb36_27_REGCLKAU_tiesig
WARNING:Pack:2874 - Trimming timing constraints from pin
   lmb_bram_0/lmb_bram_0/ramb36_27
   of frag REGCLKAL connected to power/ground net
   lmb_bram_0/lmb_bram_0/ramb36_27_REGCLKAL_tiesig
WARNING:Pack:2874 - Trimming timing constraints from pin
   lmb_bram_0/lmb_bram_0/ramb36_27
   of frag REGCLKBU connected to power/ground net
   lmb_bram_0/lmb_bram_0/ramb36_27_REGCLKBU_tiesig
WARNING:Pack:2874 - Trimming timing constraints from pin
   lmb_bram_0/lmb_bram_0/ramb36_27
   of frag REGCLKBL connected to power/ground net
   lmb_bram_0/lmb_bram_0/ramb36_27_REGCLKBL_tiesig
WARNING:Pack:2874 - Trimming timing constraints from pin
   lmb_bram_0/lmb_bram_0/ramb36_28
   of frag REGCLKAU connected to power/ground net
   lmb_bram_0/lmb_bram_0/ramb36_28_REGCLKAU_tiesig
WARNING:Pack:2874 - Trimming timing constraints from pin
   lmb_bram_0/lmb_bram_0/ramb36_28
   of frag REGCLKAL connected to power/ground net
   lmb_bram_0/lmb_bram_0/ramb36_28_REGCLKAL_tiesig
WARNING:Pack:2874 - Trimming timing constraints from pin
   lmb_bram_0/lmb_bram_0/ramb36_28
   of frag REGCLKBU connected to power/ground net
   lmb_bram_0/lmb_bram_0/ramb36_28_REGCLKBU_tiesig
WARNING:Pack:2874 - Trimming timing constraints from pin
   lmb_bram_0/lmb_bram_0/ramb36_28
   of frag REGCLKBL connected to power/ground net
   lmb_bram_0/lmb_bram_0/ramb36_28_REGCLKBL_tiesig
WARNING:Pack:2874 - Trimming timing constraints from pin
   lmb_bram_0/lmb_bram_0/ramb36_29
   of frag REGCLKAU connected to power/ground net
   lmb_bram_0/lmb_bram_0/ramb36_29_REGCLKAU_tiesig
WARNING:Pack:2874 - Trimming timing constraints from pin
   lmb_bram_0/lmb_bram_0/ramb36_29
   of frag REGCLKAL connected to power/ground net
   lmb_bram_0/lmb_bram_0/ramb36_29_REGCLKAL_tiesig
WARNING:Pack:2874 - Trimming timing constraints from pin
   lmb_bram_0/lmb_bram_0/ramb36_29
   of frag REGCLKBU connected to power/ground net
   lmb_bram_0/lmb_bram_0/ramb36_29_REGCLKBU_tiesig
WARNING:Pack:2874 - Trimming timing constraints from pin
   lmb_bram_0/lmb_bram_0/ramb36_29
   of frag REGCLKBL connected to power/ground net
   lmb_bram_0/lmb_bram_0/ramb36_29_REGCLKBL_tiesig
WARNING:Pack:2874 - Trimming timing constraints from pin
   lmb_bram_0/lmb_bram_0/ramb36_3
   of frag REGCLKAU connected to power/ground net
   lmb_bram_0/lmb_bram_0/ramb36_3_REGCLKAU_tiesig
WARNING:Pack:2874 - Trimming timing constraints from pin
   lmb_bram_0/lmb_bram_0/ramb36_3
   of frag REGCLKAL connected to power/ground net
   lmb_bram_0/lmb_bram_0/ramb36_3_REGCLKAL_tiesig
WARNING:Pack:2874 - Trimming timing constraints from pin
   lmb_bram_0/lmb_bram_0/ramb36_3
   of frag REGCLKBU connected to power/ground net
   lmb_bram_0/lmb_bram_0/ramb36_3_REGCLKBU_tiesig
WARNING:Pack:2874 - Trimming timing constraints from pin
   lmb_bram_0/lmb_bram_0/ramb36_3
   of frag REGCLKBL connected to power/ground net
   lmb_bram_0/lmb_bram_0/ramb36_3_REGCLKBL_tiesig
WARNING:Pack:2874 - Trimming timing constraints from pin
   lmb_bram_0/lmb_bram_0/ramb36_30
   of frag REGCLKAU connected to power/ground net
   lmb_bram_0/lmb_bram_0/ramb36_30_REGCLKAU_tiesig
WARNING:Pack:2874 - Trimming timing constraints from pin
   lmb_bram_0/lmb_bram_0/ramb36_30
   of frag REGCLKAL connected to power/ground net
   lmb_bram_0/lmb_bram_0/ramb36_30_REGCLKAL_tiesig
WARNING:Pack:2874 - Trimming timing constraints from pin
   lmb_bram_0/lmb_bram_0/ramb36_30
   of frag REGCLKBU connected to power/ground net
   lmb_bram_0/lmb_bram_0/ramb36_30_REGCLKBU_tiesig
WARNING:Pack:2874 - Trimming timing constraints from pin
   lmb_bram_0/lmb_bram_0/ramb36_30
   of frag REGCLKBL connected to power/ground net
   lmb_bram_0/lmb_bram_0/ramb36_30_REGCLKBL_tiesig
WARNING:Pack:2874 - Trimming timing constraints from pin
   lmb_bram_0/lmb_bram_0/ramb36_31
   of frag REGCLKAU connected to power/ground net
   lmb_bram_0/lmb_bram_0/ramb36_31_REGCLKAU_tiesig
WARNING:Pack:2874 - Trimming timing constraints from pin
   lmb_bram_0/lmb_bram_0/ramb36_31
   of frag REGCLKAL connected to power/ground net
   lmb_bram_0/lmb_bram_0/ramb36_31_REGCLKAL_tiesig
WARNING:Pack:2874 - Trimming timing constraints from pin
   lmb_bram_0/lmb_bram_0/ramb36_31
   of frag REGCLKBU connected to power/ground net
   lmb_bram_0/lmb_bram_0/ramb36_31_REGCLKBU_tiesig
WARNING:Pack:2874 - Trimming timing constraints from pin
   lmb_bram_0/lmb_bram_0/ramb36_31
   of frag REGCLKBL connected to power/ground net
   lmb_bram_0/lmb_bram_0/ramb36_31_REGCLKBL_tiesig
WARNING:Pack:2874 - Trimming timing constraints from pin
   lmb_bram_0/lmb_bram_0/ramb36_4
   of frag REGCLKAU connected to power/ground net
   lmb_bram_0/lmb_bram_0/ramb36_4_REGCLKAU_tiesig
WARNING:Pack:2874 - Trimming timing constraints from pin
   lmb_bram_0/lmb_bram_0/ramb36_4
   of frag REGCLKAL connected to power/ground net
   lmb_bram_0/lmb_bram_0/ramb36_4_REGCLKAL_tiesig
WARNING:Pack:2874 - Trimming timing constraints from pin
   lmb_bram_0/lmb_bram_0/ramb36_4
   of frag REGCLKBU connected to power/ground net
   lmb_bram_0/lmb_bram_0/ramb36_4_REGCLKBU_tiesig
WARNING:Pack:2874 - Trimming timing constraints from pin
   lmb_bram_0/lmb_bram_0/ramb36_4
   of frag REGCLKBL connected to power/ground net
   lmb_bram_0/lmb_bram_0/ramb36_4_REGCLKBL_tiesig
WARNING:Pack:2874 - Trimming timing constraints from pin
   lmb_bram_0/lmb_bram_0/ramb36_5
   of frag REGCLKAU connected to power/ground net
   lmb_bram_0/lmb_bram_0/ramb36_5_REGCLKAU_tiesig
WARNING:Pack:2874 - Trimming timing constraints from pin
   lmb_bram_0/lmb_bram_0/ramb36_5
   of frag REGCLKAL connected to power/ground net
   lmb_bram_0/lmb_bram_0/ramb36_5_REGCLKAL_tiesig
WARNING:Pack:2874 - Trimming timing constraints from pin
   lmb_bram_0/lmb_bram_0/ramb36_5
   of frag REGCLKBU connected to power/ground net
   lmb_bram_0/lmb_bram_0/ramb36_5_REGCLKBU_tiesig
WARNING:Pack:2874 - Trimming timing constraints from pin
   lmb_bram_0/lmb_bram_0/ramb36_5
   of frag REGCLKBL connected to power/ground net
   lmb_bram_0/lmb_bram_0/ramb36_5_REGCLKBL_tiesig
WARNING:Pack:2874 - Trimming timing constraints from pin
   lmb_bram_0/lmb_bram_0/ramb36_6
   of frag REGCLKAU connected to power/ground net
   lmb_bram_0/lmb_bram_0/ramb36_6_REGCLKAU_tiesig
WARNING:Pack:2874 - Trimming timing constraints from pin
   lmb_bram_0/lmb_bram_0/ramb36_6
   of frag REGCLKAL connected to power/ground net
   lmb_bram_0/lmb_bram_0/ramb36_6_REGCLKAL_tiesig
WARNING:Pack:2874 - Trimming timing constraints from pin
   lmb_bram_0/lmb_bram_0/ramb36_6
   of frag REGCLKBU connected to power/ground net
   lmb_bram_0/lmb_bram_0/ramb36_6_REGCLKBU_tiesig
WARNING:Pack:2874 - Trimming timing constraints from pin
   lmb_bram_0/lmb_bram_0/ramb36_6
   of frag REGCLKBL connected to power/ground net
   lmb_bram_0/lmb_bram_0/ramb36_6_REGCLKBL_tiesig
WARNING:Pack:2874 - Trimming timing constraints from pin
   lmb_bram_0/lmb_bram_0/ramb36_7
   of frag REGCLKAU connected to power/ground net
   lmb_bram_0/lmb_bram_0/ramb36_7_REGCLKAU_tiesig
WARNING:Pack:2874 - Trimming timing constraints from pin
   lmb_bram_0/lmb_bram_0/ramb36_7
   of frag REGCLKAL connected to power/ground net
   lmb_bram_0/lmb_bram_0/ramb36_7_REGCLKAL_tiesig
WARNING:Pack:2874 - Trimming timing constraints from pin
   lmb_bram_0/lmb_bram_0/ramb36_7
   of frag REGCLKBU connected to power/ground net
   lmb_bram_0/lmb_bram_0/ramb36_7_REGCLKBU_tiesig
WARNING:Pack:2874 - Trimming timing constraints from pin
   lmb_bram_0/lmb_bram_0/ramb36_7
   of frag REGCLKBL connected to power/ground net
   lmb_bram_0/lmb_bram_0/ramb36_7_REGCLKBL_tiesig
WARNING:Pack:2874 - Trimming timing constraints from pin
   lmb_bram_0/lmb_bram_0/ramb36_8
   of frag REGCLKAU connected to power/ground net
   lmb_bram_0/lmb_bram_0/ramb36_8_REGCLKAU_tiesig
WARNING:Pack:2874 - Trimming timing constraints from pin
   lmb_bram_0/lmb_bram_0/ramb36_8
   of frag REGCLKAL connected to power/ground net
   lmb_bram_0/lmb_bram_0/ramb36_8_REGCLKAL_tiesig
WARNING:Pack:2874 - Trimming timing constraints from pin
   lmb_bram_0/lmb_bram_0/ramb36_8
   of frag REGCLKBU connected to power/ground net
   lmb_bram_0/lmb_bram_0/ramb36_8_REGCLKBU_tiesig
WARNING:Pack:2874 - Trimming timing constraints from pin
   lmb_bram_0/lmb_bram_0/ramb36_8
   of frag REGCLKBL connected to power/ground net
   lmb_bram_0/lmb_bram_0/ramb36_8_REGCLKBL_tiesig
WARNING:Pack:2874 - Trimming timing constraints from pin
   lmb_bram_0/lmb_bram_0/ramb36_9
   of frag REGCLKAU connected to power/ground net
   lmb_bram_0/lmb_bram_0/ramb36_9_REGCLKAU_tiesig
WARNING:Pack:2874 - Trimming timing constraints from pin
   lmb_bram_0/lmb_bram_0/ramb36_9
   of frag REGCLKAL connected to power/ground net
   lmb_bram_0/lmb_bram_0/ramb36_9_REGCLKAL_tiesig
WARNING:Pack:2874 - Trimming timing constraints from pin
   lmb_bram_0/lmb_bram_0/ramb36_9
   of frag REGCLKBU connected to power/ground net
   lmb_bram_0/lmb_bram_0/ramb36_9_REGCLKBU_tiesig
WARNING:Pack:2874 - Trimming timing constraints from pin
   lmb_bram_0/lmb_bram_0/ramb36_9
   of frag REGCLKBL connected to power/ground net
   lmb_bram_0/lmb_bram_0/ramb36_9_REGCLKBL_tiesig
Running directed packing...
Running delay-based LUT packing...
Updating timing models...
INFO:Map:215 - The Interim Design Summary has been generated in the MAP Report
   (.mrp).
Running timing-driven placement...
Total REAL time at the beginning of Placer: 22 secs 
Total CPU  time at the beginning of Placer: 17 secs 

Phase 1.1  Initial Placement Analysis
Phase 1.1  Initial Placement Analysis (Checksum:59c77264) REAL time: 24 secs 

Phase 2.7  Design Feasibility Check
Phase 2.7  Design Feasibility Check (Checksum:59c77264) REAL time: 24 secs 

Phase 3.31  Local Placement Optimization
Phase 3.31  Local Placement Optimization (Checksum:4e939a56) REAL time: 24 secs 

Phase 4.37  Local Placement Optimization
Phase 4.37  Local Placement Optimization (Checksum:4e939a56) REAL time: 24 secs 

Phase 5.33  Local Placement Optimization
Phase 5.33  Local Placement Optimization (Checksum:4e939a56) REAL time: 33 secs 

Phase 6.32  Local Placement Optimization
Phase 6.32  Local Placement Optimization (Checksum:4e939a56) REAL time: 33 secs 

Phase 7.2  Initial Clock and IO Placement

Phase 7.2  Initial Clock and IO Placement (Checksum:b5ca8ac5) REAL time: 34 secs 

Phase 8.36  Local Placement Optimization
Phase 8.36  Local Placement Optimization (Checksum:b5ca8ac5) REAL time: 34 secs 

Phase 9.30  Global Clock Region Assignment
Phase 9.30  Global Clock Region Assignment (Checksum:b5ca8ac5) REAL time: 34 secs 

Phase 10.3  Local Placement Optimization
Phase 10.3  Local Placement Optimization (Checksum:b5ca8ac5) REAL time: 34 secs 

Phase 11.5  Local Placement Optimization
Phase 11.5  Local Placement Optimization (Checksum:b5ca8ac5) REAL time: 34 secs 

Phase 12.8  Global Placement
.............................................................................................................
..........................
........................................................................................................................
........................
..............................
................
Phase 12.8  Global Placement (Checksum:97e0d650) REAL time: 47 secs 

Phase 13.29  Local Placement Optimization
Phase 13.29  Local Placement Optimization (Checksum:97e0d650) REAL time: 47 secs 

Phase 14.5  Local Placement Optimization
Phase 14.5  Local Placement Optimization (Checksum:97e0d650) REAL time: 47 secs 

Phase 15.18  Placement Optimization
Phase 15.18  Placement Optimization (Checksum:986a62be) REAL time: 2 mins 6 secs 

Phase 16.5  Local Placement Optimization
Phase 16.5  Local Placement Optimization (Checksum:986a62be) REAL time: 2 mins 6 secs 

Phase 17.34  Placement Validation
Phase 17.34  Placement Validation (Checksum:986a62be) REAL time: 2 mins 6 secs 

Total REAL time to Placer completion: 2 mins 6 secs 
Total CPU  time to Placer completion: 1 mins 59 secs 
Running post-placement packing...
Writing output files...

Design Summary:
Number of errors:      0
Number of warnings:  194
Slice Logic Utilization:
  Number of Slice Registers:                 2,281 out of  28,800    7%
    Number used as Flip Flops:               2,265
    Number used as Latch-thrus:                 16
  Number of Slice LUTs:                      2,528 out of  28,800    8%
    Number used as logic:                    2,376 out of  28,800    8%
      Number using O6 output only:           2,201
      Number using O5 output only:              48
      Number using O5 and O6:                  127
    Number used as Memory:                     144 out of   7,680    1%
      Number used as Dual Port RAM:             64
        Number using O5 and O6:                 64
      Number used as Shift Register:            80
        Number using O6 output only:            79
        Number using O5 output only:             1
    Number used as exclusive route-thru:         8
  Number of route-thrus:                        60
    Number using O6 output only:                54
    Number using O5 output only:                 4
    Number using O5 and O6:                      2

Slice Logic Distribution:
  Number of occupied Slices:                 1,334 out of   7,200   18%
  Number of LUT Flip Flop pairs used:        3,515
    Number with an unused Flip Flop:         1,234 out of   3,515   35%
    Number with an unused LUT:                 987 out of   3,515   28%
    Number of fully used LUT-FF pairs:       1,294 out of   3,515   36%
    Number of unique control sets:             263
    Number of slice register sites lost
      to control set restrictions:             535 out of  28,800    1%

  A LUT Flip Flop pair for this architecture represents one LUT paired with
  one Flip Flop within a slice.  A control set is a unique combination of
  clock, reset, set, and enable signals for a registered element.
  The Slice Logic Distribution report is not meaningful if the design is
  over-mapped for a non-slice resource or if Placement fails.
  OVERMAPPING of BRAM resources should be ignored if the design is
  over-mapped for a non-BRAM resource or if placement fails.

IO Utilization:
  Number of bonded IOBs:                        20 out of     480    4%
    Number of LOCed IOBs:                       20 out of      20  100%
    IOB Flip Flops:                             19

Specific Feature Utilization:
  Number of BlockRAM/FIFO:                      48 out of      60   80%
    Number using BlockRAM only:                 48
    Total primitives used:
      Number of 36k BlockRAM used:              48
    Total Memory used (KB):                  1,728 out of   2,160   80%
  Number of BUFG/BUFGCTRLs:                      2 out of      32    6%
    Number used as BUFGs:                        2
  Number of BSCANs:                              1 out of       4   25%
  Number of DSP48Es:                             3 out of      48    6%
  Number of PLL_ADVs:                            1 out of       6   16%

Average Fanout of Non-Clock Nets:                4.67

Peak Memory Usage:  580 MB
Total REAL time to MAP completion:  2 mins 10 secs 
Total CPU time to MAP completion:   2 mins 2 secs 

Mapping completed.
See MAP report file "system_map.mrp" for details.



#----------------------------------------------#
# Starting program par
# par -w -ol high system_map.ncd system.ncd system.pcf 
#----------------------------------------------#
Release 13.2 - par O.61xd (nt64)
Copyright (c) 1995-2011 Xilinx, Inc.  All rights reserved.
PMSPEC -- Overriding Xilinx file <C:/Xilinx/13.2/ISE_DS/EDK/data/parBmgr.acd> with local file
<C:/Xilinx/13.2/ISE_DS/ISE/data/parBmgr.acd>



Constraints file: system.pcf.
Loading device for application Rf_Device from file '5vlx50t.nph' in environment
C:\Xilinx\13.2\ISE_DS\ISE\;C:\Xilinx\13.2\ISE_DS\EDK.
   "system" is an NCD, version 3.2, device xc5vlx50t, package ff1136, speed -1
vvvvvvvvvvvvvvvvvvvvvvvvvvvvvvvvvvvvvvvvvvvvvvvvvvvvvvvvvvvvvvvvvvvvvv
INFO:Security:50 - The XILINXD_LICENSE_FILE environment variable is set to '2100@victoria.lerb.polymtl.ca'.
INFO:Security:52 - The LM_LICENSE_FILE environment variable is set to
'1717@victoria.lerb.polymtl.ca;1400@peel.grm.polymtl.ca;7790@peel.grm.polymtl.ca;1717@peel.grm.polymtl.ca;1701@peel.grm.
polymtl.ca;@peel.grm.polymtl.ca'.
INFO:Security:54 - 'xc5vlx50t' is a WebPack part.
WARNING:Security:43 - No license file was found in the standard Xilinx license directory.
WARNING:Security:44 - No license file was found.
       Please run the Xilinx License Configuration Manager
       (xlcm or "Manage Xilinx Licenses")
       to assist in obtaining a license.
WARNING:Security:42 - Your software subscription period has lapsed. Your current version of Xilinx tools will continue
to function, but you no longer qualify for Xilinx software updates or new releases.

----------------------------------------------------------------------

Initializing temperature to 85.000 Celsius. (default - Range: 0.000 to 85.000 Celsius)
Initializing voltage to 0.950 Volts. (default - Range: 0.950 to 1.050 Volts)


Device speed data version:  "PRODUCTION 1.73 2011-06-20".



Device Utilization Summary:

   Number of BSCANs                          1 out of 4      25%
   Number of BUFGs                           2 out of 32      6%
   Number of DSP48Es                         3 out of 48      6%
   Number of ILOGICs                         2 out of 560     1%
   Number of External IOBs                  20 out of 480     4%
      Number of LOCed IOBs                  20 out of 20    100%

   Number of OLOGICs                        17 out of 560     3%
   Number of PLL_ADVs                        1 out of 6      16%
   Number of RAMB36_EXPs                    48 out of 60     80%
   Number of Slices                       1334 out of 7200   18%
   Number of Slice Registers              2281 out of 28800   7%
      Number used as Flip Flops           2265
      Number used as Latches                 0
      Number used as LatchThrus             16

   Number of Slice LUTS                   2528 out of 28800   8%
   Number of Slice LUT-Flip Flop pairs    3515 out of 28800  12%


Overall effort level (-ol):   High 
Router effort level (-rl):    High 

Starting initial Timing Analysis.  REAL time: 11 secs 
Finished initial Timing Analysis.  REAL time: 11 secs 

WARNING:Par:288 - The signal dlmb_LMB_ABus<31> has no load.  PAR will not attempt to route this signal.
WARNING:Par:288 - The signal dlmb_LMB_ABus<30> has no load.  PAR will not attempt to route this signal.
Starting Router


Phase  1  : 20988 unrouted;      REAL time: 12 secs 

Phase  2  : 17388 unrouted;      REAL time: 13 secs 

Phase  3  : 5649 unrouted;      REAL time: 18 secs 

Phase  4  : 5666 unrouted; (Setup:0, Hold:0, Component Switching Limit:0)     REAL time: 21 secs 

Updating file: system.ncd with current fully routed design.

Phase  5  : 0 unrouted; (Setup:0, Hold:0, Component Switching Limit:0)     REAL time: 28 secs 

Phase  6  : 0 unrouted; (Setup:0, Hold:0, Component Switching Limit:0)     REAL time: 28 secs 

Phase  7  : 0 unrouted; (Setup:0, Hold:0, Component Switching Limit:0)     REAL time: 28 secs 

Phase  8  : 0 unrouted; (Setup:0, Hold:0, Component Switching Limit:0)     REAL time: 28 secs 

Phase  9  : 0 unrouted; (Setup:0, Hold:0, Component Switching Limit:0)     REAL time: 28 secs 

Phase 10  : 0 unrouted; (Setup:0, Hold:0, Component Switching Limit:0)     REAL time: 29 secs 
Total REAL time to Router completion: 29 secs 
Total CPU time to Router completion: 28 secs 

Partition Implementation Status
-------------------------------

  No Partitions were found in this design.

-------------------------------

Generating "PAR" statistics.

**************************
Generating Clock Report
**************************

+---------------------+--------------+------+------+------------+-------------+
|        Clock Net    |   Resource   |Locked|Fanout|Net Skew(ns)|Max Delay(ns)|
+---------------------+--------------+------+------+------------+-------------+
|     clk_100_0000MHz | BUFGCTRL_X0Y0| No   | 1163 |  0.433     |  1.937      |
+---------------------+--------------+------+------+------------+-------------+
|     mdm_0/Dbg_Clk_1 |BUFGCTRL_X0Y31| No   |   75 |  0.239     |  1.735      |
+---------------------+--------------+------+------+------------+-------------+
|fit_timer_1_Interrup |              |      |      |            |             |
|                   t |         Local|      |   11 |  0.000     |  2.119      |
+---------------------+--------------+------+------+------------+-------------+
|fit_timer_0_Interrup |              |      |      |            |             |
|                   t |         Local|      |   11 |  0.000     |  2.150      |
+---------------------+--------------+------+------+------------+-------------+
|  mdm_0/Dbg_Update_1 |         Local|      |   21 |  1.332     |  1.910      |
+---------------------+--------------+------+------+------------+-------------+
|xps_timer_0_Interrup |              |      |      |            |             |
|                   t |         Local|      |    1 |  0.000     |  0.980      |
+---------------------+--------------+------+------+------------+-------------+

* Net Skew is the difference between the minimum and maximum routing
only delays for the net. Note this is different from Clock Skew which
is reported in TRCE timing report. Clock Skew is the difference between
the minimum and maximum path delays which includes logic delays.

* The fanout is the number of component pins not the individual BEL loads,
for example SLICE loads not FF loads.

Timing Score: 0 (Setup: 0, Hold: 0, Component Switching Limit: 0)

Number of Timing Constraints that were not applied: 1

Asterisk (*) preceding a constraint indicates it was not met.
   This may be due to a setup or hold violation.

----------------------------------------------------------------------------------------------------------
  Constraint                                |    Check    | Worst Case |  Best Case | Timing |   Timing   
                                            |             |    Slack   | Achievable | Errors |    Score   
----------------------------------------------------------------------------------------------------------
  TS_clock_generator_0_clock_generator_0_SI | SETUP       |     0.040ns|     9.960ns|       0|           0
  G_PLL0_CLKOUT0 = PERIOD TIMEGRP         " | HOLD        |     0.320ns|            |       0|           0
  clock_generator_0_clock_generator_0_SIG_P |             |            |            |        |            
  LL0_CLKOUT0" TS_sys_clk_pin         HIGH  |             |            |            |        |            
  50%                                       |             |            |            |        |            
----------------------------------------------------------------------------------------------------------
  TS_sys_clk_pin = PERIOD TIMEGRP "sys_clk_ | MINLOWPULSE |     6.000ns|     4.000ns|       0|           0
  pin" 100 MHz HIGH 50%                     |             |            |            |        |            
----------------------------------------------------------------------------------------------------------


Derived Constraint Report
Review Timing Report for more details on the following derived constraints.
To create a Timing Report, run "trce -v 12 -fastpaths -o design_timing_report design.ncd design.pcf"
or "Run Timing Analysis" from Timing Analyzer (timingan).
Derived Constraints for TS_sys_clk_pin
+-------------------------------+-------------+-------------+-------------+-------------+-------------+-------------+-------------+
|                               |   Period    |       Actual Period       |      Timing Errors        |      Paths Analyzed       |
|           Constraint          | Requirement |-------------+-------------|-------------+-------------|-------------+-------------|
|                               |             |   Direct    | Derivative  |   Direct    | Derivative  |   Direct    | Derivative  |
+-------------------------------+-------------+-------------+-------------+-------------+-------------+-------------+-------------+
|TS_sys_clk_pin                 |     10.000ns|      4.000ns|      9.960ns|            0|            0|            0|       732505|
| TS_clock_generator_0_clock_gen|     10.000ns|      9.960ns|          N/A|            0|            0|       732505|            0|
| erator_0_SIG_PLL0_CLKOUT0     |             |             |             |             |             |             |             |
+-------------------------------+-------------+-------------+-------------+-------------+-------------+-------------+-------------+

All constraints were met.


Generating Pad Report.

All signals are completely routed.

WARNING:Par:283 - There are 2 loadless signals in this design. This design will cause Bitgen to issue DRC warnings.

Total REAL time to PAR completion: 35 secs 
Total CPU time to PAR completion: 33 secs 

Peak Memory Usage:  525 MB

Placer: Placement generated during map.
Routing: Completed - No errors found.
Timing: Completed - No errors found.

Number of error messages: 0
Number of warning messages: 4
Number of info messages: 0

Writing design to file system.ncd



PAR done!



#----------------------------------------------#
# Starting program post_par_trce
# trce -e 3 -xml system.twx system.ncd system.pcf 
#----------------------------------------------#
Release 13.2 - Trace  (nt64)
Copyright (c) 1995-2011 Xilinx, Inc.  All rights reserved.


PMSPEC -- Overriding Xilinx file
<C:/Xilinx/13.2/ISE_DS/EDK/virtex5/data/virtex5.acd> with local file
<C:/Xilinx/13.2/ISE_DS/ISE/virtex5/data/virtex5.acd>
Loading device for application Rf_Device from file '5vlx50t.nph' in environment
C:\Xilinx\13.2\ISE_DS\ISE\;C:\Xilinx\13.2\ISE_DS\EDK.
   "system" is an NCD, version 3.2, device xc5vlx50t, package ff1136, speed -1
--------------------------------------------------------------------------------
Release 13.2 Trace  (nt64)
Copyright (c) 1995-2011 Xilinx, Inc.  All rights reserved.

C:\Xilinx\13.2\ISE_DS\ISE\bin\nt64\unwrapped\trce.exe -e 3 -xml system.twx
system.ncd system.pcf


Design file:              system.ncd
Physical constraint file: system.pcf
Device,speed:             xc5vlx50t,-1 (PRODUCTION 1.73 2011-06-20, STEPPING
level 0)
Report level:             error report
--------------------------------------------------------------------------------

INFO:Timing:2752 - To get complete path coverage, use the unconstrained paths
   option. All paths that are not constrained will be reported in the
   unconstrained paths section(s) of the report.
INFO:Timing:3339 - The clock-to-out numbers in this timing report are based on a
   50 Ohm transmission line loading model.  For the details of this model, and
   for more information on accounting for different loading conditions, please
   see the device datasheet.


Timing summary:
---------------

Timing errors: 0  Score: 0 (Setup/Max: 0, Hold: 0)

Constraints cover 732505 paths, 0 nets, and 17625 connections

Design statistics:
   Minimum period:   9.960ns (Maximum frequency: 100.402MHz)


Analysis completed Fri Sep 27 14:24:42 2013
--------------------------------------------------------------------------------

Generating Report ...

Number of warnings: 0
Number of info messages: 2
Total time: 12 secs 


