C:\USERS\OLIVIER\DOCUMENTS\VISUAL STUDIO 2010\PROJECTS\CODE_DE_DEPART\DEBUG\TP4-A13.EXE
C:\USERS\OLIVIER\DOCUMENTS\VISUAL STUDIO 2010\PROJECTS\CODE_DE_DEPART\DEBUG\TP4-A13.ILK
C:\USERS\OLIVIER\DOCUMENTS\VISUAL STUDIO 2010\PROJECTS\CODE_DE_DEPART\DEBUG\TP4-A13.PDB
C:\Users\Olivier\Documents\Visual Studio 2010\Projects\code_de_depart\TP4-A13\Debug\cl.command.1.tlog
C:\Users\Olivier\Documents\Visual Studio 2010\Projects\code_de_depart\TP4-A13\Debug\CL.read.1.tlog
C:\Users\Olivier\Documents\Visual Studio 2010\Projects\code_de_depart\TP4-A13\Debug\CL.write.1.tlog
C:\USERS\OLIVIER\DOCUMENTS\VISUAL STUDIO 2010\PROJECTS\CODE_DE_DEPART\TP4-A13\DEBUG\CONSOLE.OBJ
C:\USERS\OLIVIER\DOCUMENTS\VISUAL STUDIO 2010\PROJECTS\CODE_DE_DEPART\TP4-A13\DEBUG\COPROCESSOR.OBJ
C:\USERS\OLIVIER\DOCUMENTS\VISUAL STUDIO 2010\PROJECTS\CODE_DE_DEPART\TP4-A13\DEBUG\DATARAM.OBJ
C:\USERS\OLIVIER\DOCUMENTS\VISUAL STUDIO 2010\PROJECTS\CODE_DE_DEPART\TP4-A13\DEBUG\INSTRAM.OBJ
C:\Users\Olivier\Documents\Visual Studio 2010\Projects\code_de_depart\TP4-A13\Debug\link.command.1.tlog
C:\Users\Olivier\Documents\Visual Studio 2010\Projects\code_de_depart\TP4-A13\Debug\link.read.1.tlog
C:\Users\Olivier\Documents\Visual Studio 2010\Projects\code_de_depart\TP4-A13\Debug\link.write.1.tlog
C:\USERS\OLIVIER\DOCUMENTS\VISUAL STUDIO 2010\PROJECTS\CODE_DE_DEPART\TP4-A13\DEBUG\MAIN.OBJ
C:\Users\Olivier\Documents\Visual Studio 2010\Projects\code_de_depart\TP4-A13\Debug\mt.command.1.tlog
C:\Users\Olivier\Documents\Visual Studio 2010\Projects\code_de_depart\TP4-A13\Debug\mt.read.1.tlog
C:\Users\Olivier\Documents\Visual Studio 2010\Projects\code_de_depart\TP4-A13\Debug\mt.write.1.tlog
C:\USERS\OLIVIER\DOCUMENTS\VISUAL STUDIO 2010\PROJECTS\CODE_DE_DEPART\TP4-A13\DEBUG\PROCESSOR.OBJ
C:\USERS\OLIVIER\DOCUMENTS\VISUAL STUDIO 2010\PROJECTS\CODE_DE_DEPART\TP4-A13\DEBUG\RAM.OBJ
C:\USERS\OLIVIER\DOCUMENTS\VISUAL STUDIO 2010\PROJECTS\CODE_DE_DEPART\TP4-A13\DEBUG\TP4-A13.EXE.INTERMEDIATE.MANIFEST
C:\Users\Olivier\Documents\Visual Studio 2010\Projects\code_de_depart\TP4-A13\Debug\TP4-A13.write.1.tlog
C:\Users\Olivier\Documents\Visual Studio 2010\Projects\code_de_depart\TP4-A13\Debug\vc100.idb
C:\USERS\OLIVIER\DOCUMENTS\VISUAL STUDIO 2010\PROJECTS\CODE_DE_DEPART\TP4-A13\DEBUG\VC100.PDB
C:\USERS\OLIVIER\DOCUMENTS\VISUAL STUDIO 2010\PROJECTS\CODE_DE_DEPART\TP4-A13\DEBUG\WRAPPER_CONSOLE_TLM.OBJ
C:\USERS\OLIVIER\DOCUMENTS\VISUAL STUDIO 2010\PROJECTS\CODE_DE_DEPART\TP4-A13\DEBUG\WRAPPER_COPROCESSOR_TLM.OBJ
C:\USERS\OLIVIER\DOCUMENTS\VISUAL STUDIO 2010\PROJECTS\CODE_DE_DEPART\TP4-A13\DEBUG\WRAPPER_PROCESSOR_TLM.OBJ
