.\Debug\uCWindows.ilk
.\Debug\uCWindows.pdb
\\vnode3.labos.polymtl.ca\usagers-vn3\m\michi\documents\INF3610\Lab 1\code_depart\.\Debug\uCWindows.exe
\\vnode3.labos.polymtl.ca\usagers-vn3\m\michi\documents\INF3610\Lab 1\code_depart\.\Debug\uCWindows.exe.intermediate.manifest
\\vnode3.labos.polymtl.ca\usagers-vn3\m\michi\documents\INF3610\Lab 1\code_depart\Debug\cl.command.1.tlog
\\vnode3.labos.polymtl.ca\usagers-vn3\m\michi\documents\INF3610\Lab 1\code_depart\Debug\CL.read.1.tlog
\\vnode3.labos.polymtl.ca\usagers-vn3\m\michi\documents\INF3610\Lab 1\code_depart\Debug\CL.write.1.tlog
\\vnode3.labos.polymtl.ca\usagers-vn3\m\michi\documents\INF3610\Lab 1\code_depart\Debug\link.9508.read.1.tlog
\\vnode3.labos.polymtl.ca\usagers-vn3\m\michi\documents\INF3610\Lab 1\code_depart\Debug\link.9508.write.1.tlog
\\vnode3.labos.polymtl.ca\usagers-vn3\m\michi\documents\INF3610\Lab 1\code_depart\Debug\link.9508-cvtres.read.1.tlog
\\vnode3.labos.polymtl.ca\usagers-vn3\m\michi\documents\INF3610\Lab 1\code_depart\Debug\link.9508-cvtres.write.1.tlog
\\vnode3.labos.polymtl.ca\usagers-vn3\m\michi\documents\INF3610\Lab 1\code_depart\Debug\link.command.1.tlog
\\vnode3.labos.polymtl.ca\usagers-vn3\m\michi\documents\INF3610\Lab 1\code_depart\Debug\link.read.1.tlog
\\vnode3.labos.polymtl.ca\usagers-vn3\m\michi\documents\INF3610\Lab 1\code_depart\Debug\link.write.1.tlog
\\vnode3.labos.polymtl.ca\usagers-vn3\m\michi\documents\INF3610\Lab 1\code_depart\Debug\link-cvtres.read.1.tlog
\\vnode3.labos.polymtl.ca\usagers-vn3\m\michi\documents\INF3610\Lab 1\code_depart\Debug\link-cvtres.write.1.tlog
\\vnode3.labos.polymtl.ca\usagers-vn3\m\michi\documents\INF3610\Lab 1\code_depart\Debug\mt.command.1.tlog
\\vnode3.labos.polymtl.ca\usagers-vn3\m\michi\documents\INF3610\Lab 1\code_depart\Debug\mt.read.1.tlog
\\vnode3.labos.polymtl.ca\usagers-vn3\m\michi\documents\INF3610\Lab 1\code_depart\Debug\mt.write.1.tlog
\\VNODE3.LABOS.POLYMTL.CA\USAGERS-VN3\M\MICHI\DOCUMENTS\INF3610\LAB 1\CODE_DEPART\DEBUG\OS_CORE.OBJ
\\VNODE3.LABOS.POLYMTL.CA\USAGERS-VN3\M\MICHI\DOCUMENTS\INF3610\LAB 1\CODE_DEPART\DEBUG\OS_CPU_C.OBJ
\\VNODE3.LABOS.POLYMTL.CA\USAGERS-VN3\M\MICHI\DOCUMENTS\INF3610\LAB 1\CODE_DEPART\DEBUG\OS_FLAG.OBJ
\\VNODE3.LABOS.POLYMTL.CA\USAGERS-VN3\M\MICHI\DOCUMENTS\INF3610\LAB 1\CODE_DEPART\DEBUG\OS_MBOX.OBJ
\\VNODE3.LABOS.POLYMTL.CA\USAGERS-VN3\M\MICHI\DOCUMENTS\INF3610\LAB 1\CODE_DEPART\DEBUG\OS_MEM.OBJ
\\VNODE3.LABOS.POLYMTL.CA\USAGERS-VN3\M\MICHI\DOCUMENTS\INF3610\LAB 1\CODE_DEPART\DEBUG\OS_MUTEX.OBJ
\\VNODE3.LABOS.POLYMTL.CA\USAGERS-VN3\M\MICHI\DOCUMENTS\INF3610\LAB 1\CODE_DEPART\DEBUG\OS_Q.OBJ
\\VNODE3.LABOS.POLYMTL.CA\USAGERS-VN3\M\MICHI\DOCUMENTS\INF3610\LAB 1\CODE_DEPART\DEBUG\OS_SEM.OBJ
\\VNODE3.LABOS.POLYMTL.CA\USAGERS-VN3\M\MICHI\DOCUMENTS\INF3610\LAB 1\CODE_DEPART\DEBUG\OS_TASK.OBJ
\\VNODE3.LABOS.POLYMTL.CA\USAGERS-VN3\M\MICHI\DOCUMENTS\INF3610\LAB 1\CODE_DEPART\DEBUG\OS_TIME.OBJ
\\VNODE3.LABOS.POLYMTL.CA\USAGERS-VN3\M\MICHI\DOCUMENTS\INF3610\LAB 1\CODE_DEPART\DEBUG\OS_TRACE.OBJ
\\vnode3.labos.polymtl.ca\usagers-vn3\m\michi\documents\INF3610\Lab 1\code_depart\Debug\rc.command.1.tlog
\\vnode3.labos.polymtl.ca\usagers-vn3\m\michi\documents\INF3610\Lab 1\code_depart\Debug\rc.read.1.tlog
\\vnode3.labos.polymtl.ca\usagers-vn3\m\michi\documents\INF3610\Lab 1\code_depart\Debug\rc.write.1.tlog
\\VNODE3.LABOS.POLYMTL.CA\USAGERS-VN3\M\MICHI\DOCUMENTS\INF3610\LAB 1\CODE_DEPART\DEBUG\TPPART2.OBJ
\\vnode3.labos.polymtl.ca\usagers-vn3\m\michi\documents\INF3610\Lab 1\code_depart\Debug\uCWindows.exe.embed.manifest
\\VNODE3.LABOS.POLYMTL.CA\USAGERS-VN3\M\MICHI\DOCUMENTS\INF3610\LAB 1\CODE_DEPART\DEBUG\UCWINDOWS.EXE.EMBED.MANIFEST.RES
\\vnode3.labos.polymtl.ca\usagers-vn3\m\michi\documents\INF3610\Lab 1\code_depart\Debug\uCWindows.exe.intermediate.manifest
\\vnode3.labos.polymtl.ca\usagers-vn3\m\michi\documents\INF3610\Lab 1\code_depart\Debug\uCWindows.ilk
\\vnode3.labos.polymtl.ca\usagers-vn3\m\michi\documents\INF3610\Lab 1\code_depart\Debug\uCWindows.pdb
\\vnode3.labos.polymtl.ca\usagers-vn3\m\michi\documents\INF3610\Lab 1\code_depart\Debug\uCWindows_manifest.rc
\\vnode3.labos.polymtl.ca\usagers-vn3\m\michi\documents\INF3610\Lab 1\code_depart\Debug\vc100.idb
\\VNODE3.LABOS.POLYMTL.CA\USAGERS-VN3\M\MICHI\DOCUMENTS\INF3610\LAB 1\CODE_DEPART\DEBUG\VC100.PDB
